2025-10-28 11:27:03,790 - INFO - Попытка входа пользователя: asd
2025-10-28 11:27:03,793 - INFO - Пользователь asd вошёл в систему
2025-10-28 11:27:03,805 - INFO - Пользователь asd открыл домашнюю страницу
2025-10-28 11:33:04,264 - INFO - Регистрация нового пользователя: asd
2025-10-28 11:33:04,268 - WARNING - Попытка регистрации уже существующего пользователя: asd
2025-10-28 11:33:08,198 - INFO - Регистрация нового пользователя: asdf
2025-10-28 11:33:08,201 - INFO - Пользователь asdf успешно зарегистрирован
2025-10-28 11:50:57,518 - INFO - Попытка входа пользователя: asd
2025-10-28 11:50:57,529 - INFO - Пользователь asd вошёл в систему
2025-10-28 11:50:57,541 - INFO - Пользователь asd открыл домашнюю страницу
2025-10-28 11:53:09,653 - INFO - Попытка входа пользователя: asd
2025-10-28 11:53:09,674 - INFO - Пользователь asd вошёл в систему
2025-10-28 11:53:09,689 - INFO - Пользователь asd открыл домашнюю страницу
2025-10-28 11:53:59,771 - INFO - Попытка входа пользователя: asd
2025-10-28 11:53:59,772 - INFO - timer has updated
2025-10-28 11:53:59,775 - WARNING - Неверный пароль для пользователя asd
2025-10-28 11:54:02,624 - INFO - Попытка входа пользователя: ads
2025-10-28 11:54:02,624 - INFO - timer has updated
2025-10-28 11:54:02,626 - WARNING - Попытка входа с несуществующим логином: ads
2025-10-28 11:54:05,543 - INFO - Попытка входа пользователя: asd
2025-10-28 11:54:05,544 - INFO - timer has updated
2025-10-28 11:54:05,545 - INFO - Пользователь asd вошёл в систему
2025-10-28 11:54:05,554 - INFO - timer has updated
2025-10-28 11:54:05,555 - INFO - Пользователь asd открыл домашнюю страницу
2025-10-28 11:57:50,855 - INFO - timer has updated
2025-10-28 11:57:52,999 - INFO - Попытка входа пользователя: asd
2025-10-28 11:57:52,999 - INFO - timer has updated
2025-10-28 11:57:53,003 - INFO - Пользователь asd вошёл в систему
2025-10-28 11:57:53,013 - INFO - timer has updated
2025-10-28 11:57:53,014 - INFO - Пользователь asd открыл домашнюю страницу
2025-10-28 11:58:14,754 - INFO - Сессия истекла, перенаправление на /
2025-10-28 11:58:14,761 - INFO - timer has updated
2025-10-28 12:08:31,750 - INFO - timer has updated
2025-10-28 12:08:41,486 - INFO - timer has updated
2025-10-28 12:08:41,486 - INFO - Регистрация нового пользователя: asddd
2025-10-28 12:08:41,493 - INFO - Пользователь asddd успешно зарегистрирован
2025-10-28 12:09:35,001 - INFO - Попытка входа пользователя: asd
2025-10-28 12:09:35,002 - INFO - timer has updated
2025-10-28 12:09:35,005 - INFO - Пользователь asd вошёл в систему
2025-10-28 12:09:35,012 - INFO - timer has updated
2025-10-28 12:09:35,013 - INFO - Пользователь asd открыл домашнюю страницу
2025-10-28 12:09:43,322 - INFO - timer has updated
2025-10-28 12:09:45,533 - INFO - timer has updated
2025-10-28 12:09:45,533 - INFO - Регистрация нового пользователя: asddd
2025-10-28 12:09:45,535 - WARNING - Попытка регистрации уже существующего пользователя: asddd
2025-10-28 12:09:59,872 - INFO - timer has updated
2025-10-28 12:09:59,873 - INFO - Регистрация нового пользователя: asd
2025-10-28 12:09:59,877 - WARNING - Попытка регистрации уже существующего пользователя: asd
2025-10-28 12:19:57,281 - INFO - timer has updated
2025-10-28 12:20:00,472 - INFO - timer has updated
2025-10-28 12:20:13,733 - INFO - timer has updated
2025-10-28 12:20:13,734 - INFO - Регистрация нового пользователя: admin2
2025-10-28 12:20:13,739 - INFO - Пользователь admin2 успешно зарегистрирован
2025-10-28 12:28:40,318 - WARNING - Неавторизованный доступ: /home/admin
2025-10-28 12:28:40,335 - INFO - timer has updated
2025-10-28 12:28:43,594 - INFO - timer has updated
2025-10-28 12:28:43,598 - INFO - Пользователь asd открыл домашнюю страницу
2025-10-28 12:28:56,483 - INFO - timer has updated
2025-10-28 12:28:56,485 - INFO - Пользователь asd открыл домашнюю страницу
2025-10-28 12:29:09,391 - INFO - timer has updated
2025-10-28 12:29:09,393 - INFO - Пользователь asd открыл домашнюю страницу
2025-10-28 12:29:28,256 - INFO - Сессия истекла, перенаправление на /
2025-10-28 12:29:28,266 - INFO - timer has updated
2025-10-28 12:44:46,740 - INFO - Попытка входа пользователя: asd
2025-10-28 12:44:46,741 - INFO - timer has updated
2025-10-28 12:51:04,809 - INFO - Попытка входа пользователя: asd
2025-10-28 12:51:04,809 - INFO - timer has updated
2025-10-28 12:51:04,819 - INFO - Пользователь asd вошёл в систему
2025-10-28 12:51:04,820 - INFO - Cookie:{'session_id': '75ecce13-f5ae-49b8-9832-57d4ce7fea7e'}
2025-10-28 12:51:04,827 - INFO - timer has updated
2025-10-28 12:51:04,828 - INFO - Пользователь asd открыл домашнюю страницу
2025-10-28 12:51:12,875 - INFO - timer has updated
2025-10-28 12:51:12,875 - WARNING - 404 Not Found: /registr
2025-10-28 12:51:16,638 - INFO - timer has updated
2025-10-28 12:51:24,584 - INFO - timer has updated
2025-10-28 12:51:24,585 - INFO - Регистрация нового пользователя: qwe
2025-10-28 12:51:24,589 - INFO - Пользователь qwe успешно зарегистрирован
2025-10-28 12:51:39,981 - INFO - Попытка входа пользователя: qwe
2025-10-28 12:51:39,981 - INFO - timer has updated
2025-10-28 12:51:39,983 - INFO - Пользователь qwe вошёл в систему
2025-10-28 12:51:39,984 - INFO - Cookie:{'session_id': '71f87d2a-c321-4820-bcdf-303f2b1076cb', 'role': 'admin', 'username': 'asd'}
2025-10-28 12:51:39,994 - INFO - timer has updated
2025-10-28 12:51:39,997 - INFO - Пользователь qwe открыл домашнюю страницу
2025-10-28 12:51:43,959 - WARNING - Попытка доступа без прав - qwe
2025-10-28 12:55:28,133 - WARNING - Попытка доступа без прав - qwe
2025-10-28 12:55:29,014 - WARNING - Попытка доступа без прав - qwe
2025-10-28 12:55:29,463 - WARNING - Попытка доступа без прав - qwe
2025-10-28 12:55:29,679 - WARNING - Попытка доступа без прав - qwe
2025-10-28 12:55:41,616 - INFO - Попытка входа пользователя: qwe
2025-10-28 12:55:41,616 - INFO - timer has updated
2025-10-28 12:55:41,621 - INFO - Пользователь qwe вошёл в систему
2025-10-28 12:55:41,621 - INFO - Cookie:{'session_id': '1bb105e3-109b-480f-92e9-1d3e299e5beb', 'role': 'asd', 'username': 'qwe'}
2025-10-28 12:55:41,633 - INFO - timer has updated
2025-10-28 12:55:41,636 - INFO - Пользователь qwe открыл домашнюю страницу
2025-10-28 12:55:45,476 - WARNING - Попытка доступа без прав - qwe
2025-10-28 13:06:57,887 - WARNING - Неавторизованный доступ: /home/qwe
2025-10-28 13:09:34,405 - INFO - Попытка входа пользователя: qwe
2025-10-28 13:09:34,409 - INFO - Пользователь qwe вошёл в систему
2025-10-28 13:09:34,409 - INFO - Cookie:{'role': 'asd', 'username': 'qwe', 'session_id': '862b74f1-170d-4e8a-91c8-5d7f022360dd'}
2025-10-28 13:09:34,420 - INFO - Пользователь qwe открыл домашнюю страницу
2025-10-28 13:09:57,694 - INFO - Сессия истекла, перенаправление на /
2025-10-28 13:10:23,415 - INFO - Попытка входа пользователя: asd
2025-10-28 13:10:23,419 - INFO - Пользователь asd вошёл в систему
2025-10-28 13:10:23,419 - INFO - Cookie:{'role': 'asd', 'username': 'qwe', 'session_id': 'bee97dcf-fc86-4533-9013-507ba00d7ac6', 'session_time': '<built-in method now of type object at 0x00007FFAC2B69330>'}
2025-10-28 13:10:23,449 - INFO - Пользователь asd открыл домашнюю страницу
2025-10-28 13:11:09,034 - INFO - Попытка входа пользователя: asd
2025-10-28 13:11:09,038 - INFO - Пользователь asd вошёл в систему
2025-10-28 13:11:09,039 - INFO - Cookie:{'session_time': '<built-in method now of type object at 0x00007FFAC2B69330>', 'session_id': '23138a64-ee3e-4389-a902-540e158194f6', 'role': 'admin', 'username': 'asd'}
2025-10-28 13:11:09,047 - INFO - Пользователь asd открыл домашнюю страницу
2025-10-28 23:21:18,997 - WARNING - Неавторизованный доступ: /favicon.ico
2025-10-28 23:21:24,869 - INFO - Попытка входа пользователя: asd
2025-10-28 23:21:24,877 - INFO - Пользователь asd вошёл в систему
2025-10-28 23:21:24,877 - INFO - Cookie:{}
2025-10-28 23:21:24,901 - INFO - Пользователь asd открыл домашнюю страницу
2025-10-28 23:21:40,171 - INFO - Сессия decbeea8-6cc5-4596-ae38-fad7745fcae3 истекла и была удалена
2025-10-28 23:21:57,479 - WARNING - Неавторизованный доступ: /home/asd
2025-10-28 23:21:57,540 - WARNING - Неавторизованный доступ: /favicon.ico
2025-10-28 23:29:09,752 - INFO - Попытка входа пользователя: asd
2025-10-28 23:29:09,754 - INFO - Пользователь asd вошёл в систему
2025-10-28 23:29:09,754 - INFO - Cookie:{'session_id': 'decbeea8-6cc5-4596-ae38-fad7745fcae3', 'role': 'admin', 'username': 'asd', 'session_time': '<built-in method now of type object at 0x00007FFA852F9330>'}
2025-10-28 23:29:09,764 - INFO - Пользователь asd открыл домашнюю страницу
2025-10-28 23:29:18,063 - INFO - Пользователь asd открыл домашнюю страницу
2025-10-28 23:29:19,328 - INFO - Пользователь asd открыл домашнюю страницу
2025-10-28 23:29:25,929 - INFO - Сессия f99d1fd6-75a0-4d45-b3a6-a46e79cc23da истекла и была удалена
2025-10-28 23:29:39,869 - WARNING - Неавторизованный доступ: /home/asd
2025-10-28 23:29:39,931 - WARNING - Неавторизованный доступ: /favicon.ico
2025-10-28 23:30:11,936 - INFO - Попытка входа пользователя: asd
2025-10-28 23:30:11,939 - WARNING - Неверный пароль для пользователя asd
2025-10-28 23:30:11,994 - WARNING - Неавторизованный доступ: /favicon.ico
2025-10-28 23:30:15,714 - INFO - Попытка входа пользователя: asd
2025-10-28 23:30:15,717 - INFO - Пользователь asd вошёл в систему
2025-10-28 23:30:15,718 - INFO - Cookie:{'role': 'admin', 'username': 'asd', 'session_time': '<built-in method now of type object at 0x00007FFA852F9330>', 'session_id': 'f99d1fd6-75a0-4d45-b3a6-a46e79cc23da'}
2025-10-28 23:30:15,725 - INFO - Пользователь asd открыл домашнюю страницу
2025-10-28 23:30:30,982 - INFO - Сессия d6dc5275-95ff-489b-99de-efbbd3333619 истекла и была удалена
2025-10-28 23:31:50,713 - WARNING - Неавторизованный доступ: /home/asd
2025-10-28 23:31:50,773 - WARNING - Неавторизованный доступ: /favicon.ico
2025-10-28 23:31:55,405 - INFO - Попытка входа пользователя: asd
2025-10-28 23:31:55,411 - INFO - Пользователь asd вошёл в систему
2025-10-28 23:31:55,412 - INFO - Cookie:{'role': 'admin', 'username': 'asd', 'session_time': '<built-in method now of type object at 0x00007FFA852F9330>', 'session_id': 'd6dc5275-95ff-489b-99de-efbbd3333619'}
2025-10-28 23:31:55,425 - INFO - Пользователь asd открыл домашнюю страницу
2025-10-28 23:31:55,506 - WARNING - 404 Not Found: /favicon.ico
2025-10-28 23:32:13,303 - INFO - Сессия 99111dd8-b939-4cd0-92ec-e353bbd91dfe истекла и была удалена
2025-10-30 12:25:42,939 - WARNING - Неавторизованный доступ: /favicon.ico
2025-10-30 12:25:42,939 - WARNING - Неавторизованный доступ: /favicon.ico
2025-10-30 12:25:59,753 - INFO - Попытка входа пользователя: asd
2025-10-30 12:25:59,753 - INFO - Попытка входа пользователя: asd
2025-10-30 12:25:59,769 - INFO - Пользователь asd вошёл в систему
2025-10-30 12:25:59,769 - INFO - Пользователь asd вошёл в систему
2025-10-30 12:25:59,770 - INFO - Cookie:{}
2025-10-30 12:25:59,770 - INFO - Cookie:{}
2025-10-30 12:25:59,776 - INFO - Пользователь asd открыл домашнюю страницу
2025-10-30 12:25:59,776 - INFO - Пользователь asd открыл домашнюю страницу
2025-10-30 12:25:59,828 - WARNING - 404 Not Found: /favicon.ico
2025-10-30 12:25:59,828 - WARNING - 404 Not Found: /favicon.ico
2025-10-30 12:26:18,113 - INFO - Сессия 4ed21728-d562-4258-ad85-faaaa0403adb истекла и была удалена
2025-10-30 12:26:18,113 - INFO - Сессия 4ed21728-d562-4258-ad85-faaaa0403adb истекла и была удалена
2025-11-01 09:22:54,046 - WARNING - Неавторизованный доступ: /favicon.ico
2025-11-01 09:22:54,046 - WARNING - Неавторизованный доступ: /favicon.ico
2025-11-01 09:22:57,548 - INFO - Попытка входа пользователя: asd
2025-11-01 09:22:57,548 - INFO - Попытка входа пользователя: asd
2025-11-01 09:22:57,911 - WARNING - Неавторизованный доступ: /favicon.ico
2025-11-01 09:22:57,911 - WARNING - Неавторизованный доступ: /favicon.ico
2025-11-01 09:24:31,788 - INFO - Попытка входа пользователя: asd
2025-11-01 09:24:31,788 - INFO - Попытка входа пользователя: asd
2025-11-01 09:24:31,882 - WARNING - Неавторизованный доступ: /favicon.ico
2025-11-01 09:24:31,882 - WARNING - Неавторизованный доступ: /favicon.ico
2025-11-01 09:27:45,015 - WARNING - Неавторизованный доступ: /favicon.ico
2025-11-01 09:27:45,015 - WARNING - Неавторизованный доступ: /favicon.ico
2025-11-01 09:27:48,474 - INFO - Попытка входа пользователя: asd
2025-11-01 09:27:48,474 - INFO - Попытка входа пользователя: asd
2025-11-01 09:27:48,559 - WARNING - Неавторизованный доступ: /favicon.ico
2025-11-01 09:27:48,559 - WARNING - Неавторизованный доступ: /favicon.ico
2025-11-01 09:27:52,367 - WARNING - Неавторизованный доступ: /favicon.ico
2025-11-01 09:27:52,367 - WARNING - Неавторизованный доступ: /favicon.ico
2025-11-01 09:27:58,637 - WARNING - Попытка доступа без прав - None
2025-11-01 09:27:58,637 - WARNING - Попытка доступа без прав - None
2025-11-01 09:27:58,694 - WARNING - Неавторизованный доступ: /favicon.ico
2025-11-01 09:27:58,694 - WARNING - Неавторизованный доступ: /favicon.ico
2025-11-01 09:28:08,531 - INFO - Попытка входа пользователя: admin
2025-11-01 09:28:08,531 - INFO - Попытка входа пользователя: admin
2025-11-01 09:28:08,622 - WARNING - Неавторизованный доступ: /favicon.ico
2025-11-01 09:28:08,622 - WARNING - Неавторизованный доступ: /favicon.ico
2025-11-01 09:37:48,403 - WARNING - Неавторизованный доступ: /favicon.ico
2025-11-01 09:37:48,403 - WARNING - Неавторизованный доступ: /favicon.ico
2025-11-01 09:37:51,096 - INFO - Попытка входа пользователя: admin
2025-11-01 09:37:51,096 - INFO - Попытка входа пользователя: admin
2025-11-01 09:37:51,193 - WARNING - Неавторизованный доступ: /favicon.ico
2025-11-01 09:37:51,193 - WARNING - Неавторизованный доступ: /favicon.ico
2025-11-01 09:40:36,919 - INFO - Попытка входа пользователя: admin
2025-11-01 09:40:36,919 - INFO - Попытка входа пользователя: admin
2025-11-01 09:40:37,362 - WARNING - Неавторизованный доступ: /favicon.ico
2025-11-01 09:40:37,362 - WARNING - Неавторизованный доступ: /favicon.ico
2025-11-10 11:17:40,658 - WARNING - Неавторизованный доступ: /favicon.ico
2025-11-10 11:17:40,658 - WARNING - Неавторизованный доступ: /favicon.ico
2025-11-10 11:17:43,211 - INFO - Попытка входа пользователя: asd
2025-11-10 11:17:43,211 - INFO - Попытка входа пользователя: asd
2025-11-10 11:17:43,376 - WARNING - Неавторизованный доступ: /favicon.ico
2025-11-10 11:17:43,376 - WARNING - Неавторизованный доступ: /favicon.ico
2025-11-10 11:18:30,227 - WARNING - Неавторизованный доступ: /favicon.ico
2025-11-10 11:18:30,227 - WARNING - Неавторизованный доступ: /favicon.ico
2025-11-10 11:18:36,358 - INFO - Попытка входа пользователя: asd
2025-11-10 11:18:36,358 - INFO - Попытка входа пользователя: asd
2025-11-10 11:18:36,449 - WARNING - Неавторизованный доступ: /favicon.ico
2025-11-10 11:18:36,449 - WARNING - Неавторизованный доступ: /favicon.ico
2025-11-10 11:22:56,191 - WARNING - Неавторизованный доступ: /favicon.ico
2025-11-10 11:22:56,191 - WARNING - Неавторизованный доступ: /favicon.ico
2025-11-10 11:22:59,008 - INFO - Попытка входа пользователя: asd
2025-11-10 11:22:59,008 - INFO - Попытка входа пользователя: asd
2025-11-10 11:22:59,013 - INFO - Пользователь asd вошёл в систему
2025-11-10 11:22:59,013 - INFO - Пользователь asd вошёл в систему
2025-11-10 11:22:59,013 - INFO - Cookie:{}
2025-11-10 11:22:59,013 - INFO - Cookie:{}
2025-11-10 11:22:59,019 - INFO - Пользователь asd открыл домашнюю страницу
2025-11-10 11:22:59,019 - INFO - Пользователь asd открыл домашнюю страницу
2025-11-10 11:22:59,074 - WARNING - 404 Not Found: /favicon.ico
2025-11-10 11:22:59,074 - WARNING - 404 Not Found: /favicon.ico
2025-11-10 11:23:24,310 - INFO - Попытка регистрации нового пользователя: admin
2025-11-10 11:23:24,310 - INFO - Попытка регистрации нового пользователя: admin
2025-11-10 11:23:24,312 - INFO - Пользователь admin не найден, продолжаем регистрацию
2025-11-10 11:23:24,312 - INFO - Пользователь admin не найден, продолжаем регистрацию
2025-11-10 11:23:24,331 - INFO - Пользователь admin успешно зарегистрирован
2025-11-10 11:23:24,331 - INFO - Пользователь admin успешно зарегистрирован
2025-11-10 11:24:08,515 - INFO - Попытка входа пользователя: asd
2025-11-10 11:24:08,515 - INFO - Попытка входа пользователя: asd
2025-11-10 11:24:08,521 - INFO - Пользователь asd вошёл в систему
2025-11-10 11:24:08,521 - INFO - Пользователь asd вошёл в систему
2025-11-10 11:24:08,521 - INFO - Cookie:{'session_id': 'c0372629-f8e6-4395-b9d9-f7552c8e9e2e', 'role': 'admin', 'username': 'asd', 'session_time': '2025-11-10 11:22:59.013858'}
2025-11-10 11:24:08,521 - INFO - Cookie:{'session_id': 'c0372629-f8e6-4395-b9d9-f7552c8e9e2e', 'role': 'admin', 'username': 'asd', 'session_time': '2025-11-10 11:22:59.013858'}
2025-11-10 11:24:08,527 - INFO - Пользователь asd открыл домашнюю страницу
2025-11-10 11:24:08,527 - INFO - Пользователь asd открыл домашнюю страницу
2025-11-10 11:24:23,457 - INFO - Попытка входа пользователя: admin
2025-11-10 11:24:23,457 - INFO - Попытка входа пользователя: admin
2025-11-10 11:24:23,459 - INFO - Пользователь admin вошёл в систему
2025-11-10 11:24:23,459 - INFO - Пользователь admin вошёл в систему
2025-11-10 11:24:23,460 - INFO - Cookie:{'role': 'admin', 'username': 'asd', 'session_id': '980899a0-cbc2-47cb-825f-c699bdb17a01', 'session_time': '2025-11-10 11:24:08.521956'}
2025-11-10 11:24:23,460 - INFO - Cookie:{'role': 'admin', 'username': 'asd', 'session_id': '980899a0-cbc2-47cb-825f-c699bdb17a01', 'session_time': '2025-11-10 11:24:08.521956'}
2025-11-10 11:24:23,466 - INFO - Пользователь admin открыл домашнюю страницу
2025-11-10 11:24:23,466 - INFO - Пользователь admin открыл домашнюю страницу
2025-11-10 11:29:27,429 - INFO - Пользователь вышел из системы и сессия завершена
2025-11-10 11:29:27,429 - INFO - Пользователь вышел из системы и сессия завершена
2025-11-10 12:24:49,785 - INFO - Попытка входа пользователя: admin
2025-11-10 12:24:49,785 - INFO - Попытка входа пользователя: admin
2025-11-10 12:24:49,788 - INFO - Пользователь admin вошёл в систему
2025-11-10 12:24:49,788 - INFO - Пользователь admin вошёл в систему
2025-11-10 12:24:49,789 - INFO - Cookie:{'role': 'admin', 'session_id': '9d8cef0a-1333-47dc-bc0b-e8b7a88949db', 'username': 'admin', 'session_time': '2025-11-10 11:24:23.460706'}
2025-11-10 12:24:49,789 - INFO - Cookie:{'role': 'admin', 'session_id': '9d8cef0a-1333-47dc-bc0b-e8b7a88949db', 'username': 'admin', 'session_time': '2025-11-10 11:24:23.460706'}
2025-11-10 12:24:49,795 - INFO - Пользователь admin открыл домашнюю страницу
2025-11-10 12:24:49,795 - INFO - Пользователь admin открыл домашнюю страницу
2025-11-10 12:25:39,482 - INFO - Пользователь вышел из системы и сессия завершена
2025-11-10 12:25:39,482 - INFO - Пользователь вышел из системы и сессия завершена
2025-11-10 12:26:36,559 - INFO - Попытка входа пользователя: admin
2025-11-10 12:26:36,559 - INFO - Попытка входа пользователя: admin
2025-11-10 12:26:36,561 - INFO - Пользователь admin вошёл в систему
2025-11-10 12:26:36,561 - INFO - Пользователь admin вошёл в систему
2025-11-10 12:26:36,562 - INFO - Cookie:{'role': 'admin', 'username': 'admin', 'session_id': 'c62c8c3d-2d2f-4486-bb64-8357ccc1dcfd', 'session_time': '2025-11-10 12:24:49.789233'}
2025-11-10 12:26:36,562 - INFO - Cookie:{'role': 'admin', 'username': 'admin', 'session_id': 'c62c8c3d-2d2f-4486-bb64-8357ccc1dcfd', 'session_time': '2025-11-10 12:24:49.789233'}
2025-11-10 12:26:36,567 - INFO - Пользователь admin открыл домашнюю страницу
2025-11-10 12:26:36,567 - INFO - Пользователь admin открыл домашнюю страницу
2025-11-10 12:26:37,869 - INFO - Пользователь вышел из системы и сессия завершена
2025-11-10 12:26:37,869 - INFO - Пользователь вышел из системы и сессия завершена
2025-11-10 12:26:42,482 - INFO - Попытка входа пользователя: admin
2025-11-10 12:26:42,482 - INFO - Попытка входа пользователя: admin
2025-11-10 12:26:42,484 - INFO - Пользователь admin вошёл в систему
2025-11-10 12:26:42,484 - INFO - Пользователь admin вошёл в систему
2025-11-10 12:26:42,485 - INFO - Cookie:{'role': 'admin', 'username': 'admin', 'session_id': 'f269444b-9c2e-4b53-95cb-d1683d5ab84d', 'session_time': '2025-11-10 12:26:36.562174'}
2025-11-10 12:26:42,485 - INFO - Cookie:{'role': 'admin', 'username': 'admin', 'session_id': 'f269444b-9c2e-4b53-95cb-d1683d5ab84d', 'session_time': '2025-11-10 12:26:36.562174'}
2025-11-10 12:26:42,491 - INFO - Пользователь admin открыл домашнюю страницу
2025-11-10 12:26:42,491 - INFO - Пользователь admin открыл домашнюю страницу
2025-11-10 12:26:55,159 - INFO - Попытка регистрации нового пользователя: user12
2025-11-10 12:26:55,159 - INFO - Попытка регистрации нового пользователя: user12
2025-11-10 12:26:55,161 - INFO - Пользователь user12 не найден, продолжаем регистрацию
2025-11-10 12:26:55,161 - INFO - Пользователь user12 не найден, продолжаем регистрацию
2025-11-10 12:26:55,165 - INFO - Пользователь user12 успешно зарегистрирован
2025-11-10 12:26:55,165 - INFO - Пользователь user12 успешно зарегистрирован
2025-11-10 12:27:01,257 - INFO - Попытка входа пользователя: user12
2025-11-10 12:27:01,257 - INFO - Попытка входа пользователя: user12
2025-11-10 12:27:01,259 - INFO - Пользователь user12 вошёл в систему
2025-11-10 12:27:01,259 - INFO - Пользователь user12 вошёл в систему
2025-11-10 12:27:01,260 - INFO - Cookie:{'role': 'admin', 'username': 'admin', 'session_id': 'b4ae68fe-6e5a-4497-9cfa-47fa9ccb6d29', 'session_time': '2025-11-10 12:26:42.485331'}
2025-11-10 12:27:01,260 - INFO - Cookie:{'role': 'admin', 'username': 'admin', 'session_id': 'b4ae68fe-6e5a-4497-9cfa-47fa9ccb6d29', 'session_time': '2025-11-10 12:26:42.485331'}
2025-11-10 12:27:01,268 - INFO - Пользователь user12 открыл домашнюю страницу
2025-11-10 12:27:01,268 - INFO - Пользователь user12 открыл домашнюю страницу
2025-11-10 12:27:04,856 - WARNING - Попытка доступа без прав - user12
2025-11-10 12:27:04,856 - WARNING - Попытка доступа без прав - user12
2025-11-10 12:27:04,907 - WARNING - Попытка доступа без прав - user12
2025-11-10 12:27:04,907 - WARNING - Попытка доступа без прав - user12
2025-11-10 12:27:46,859 - INFO - Сессия истекла, перенаправление на /
2025-11-10 12:27:46,859 - INFO - Сессия истекла, перенаправление на /
2025-11-10 12:27:49,439 - WARNING - Попытка доступа без прав - user12
2025-11-10 12:27:49,439 - WARNING - Попытка доступа без прав - user12
2025-11-10 12:27:50,652 - WARNING - Неавторизованный доступ: /hvtg
2025-11-10 12:27:50,652 - WARNING - Неавторизованный доступ: /hvtg
2025-11-10 12:45:17,783 - WARNING - Неавторизованный доступ: /favicon.ico
2025-11-10 12:45:17,783 - WARNING - Неавторизованный доступ: /favicon.ico
2025-11-10 12:45:22,766 - WARNING - Неавторизованный доступ: /favicon.ico
2025-11-10 12:45:22,766 - WARNING - Неавторизованный доступ: /favicon.ico
2025-11-10 12:45:22,940 - INFO - Попытка входа пользователя: fake_user
2025-11-10 12:45:22,940 - INFO - Попытка входа пользователя: fake_user
2025-11-10 12:45:22,943 - WARNING - Попытка входа с несуществующим логином: fake_user
2025-11-10 12:45:22,943 - WARNING - Попытка входа с несуществующим логином: fake_user
2025-11-10 12:45:22,967 - WARNING - Неавторизованный доступ: /favicon.ico
2025-11-10 12:45:22,967 - WARNING - Неавторизованный доступ: /favicon.ico
2025-11-10 12:45:27,839 - WARNING - Попытка доступа без прав - None
2025-11-10 12:45:27,839 - WARNING - Попытка доступа без прав - None
2025-11-10 12:45:27,890 - WARNING - Неавторизованный доступ: /favicon.ico
2025-11-10 12:45:27,890 - WARNING - Неавторизованный доступ: /favicon.ico
2025-11-10 12:45:33,215 - WARNING - Неавторизованный доступ: /favicon.ico
2025-11-10 12:45:33,215 - WARNING - Неавторизованный доступ: /favicon.ico
2025-11-10 12:45:33,366 - INFO - Попытка входа пользователя: admin
2025-11-10 12:45:33,366 - INFO - Попытка входа пользователя: admin
2025-11-10 12:45:33,369 - INFO - Пользователь admin вошёл в систему
2025-11-10 12:45:33,369 - INFO - Пользователь admin вошёл в систему
2025-11-10 12:45:33,370 - INFO - Cookie:{}
2025-11-10 12:45:33,370 - INFO - Cookie:{}
2025-11-10 12:45:33,375 - INFO - Пользователь admin открыл домашнюю страницу
2025-11-10 12:45:33,375 - INFO - Пользователь admin открыл домашнюю страницу
2025-11-10 12:45:33,404 - WARNING - 404 Not Found: /favicon.ico
2025-11-10 12:45:33,404 - WARNING - 404 Not Found: /favicon.ico
2025-11-10 12:45:35,337 - INFO - Пользователь вышел из системы и сессия завершена
2025-11-10 12:45:35,337 - INFO - Пользователь вышел из системы и сессия завершена
2025-11-10 12:48:36,357 - WARNING - Неавторизованный доступ: /favicon.ico
2025-11-10 12:48:36,357 - WARNING - Неавторизованный доступ: /favicon.ico
2025-11-10 12:48:39,885 - WARNING - Неавторизованный доступ: /favicon.ico
2025-11-10 12:48:39,885 - WARNING - Неавторизованный доступ: /favicon.ico
2025-11-10 12:48:40,039 - INFO - Попытка входа пользователя: fake_user
2025-11-10 12:48:40,039 - INFO - Попытка входа пользователя: fake_user
2025-11-10 12:48:40,042 - WARNING - Попытка входа с несуществующим логином: fake_user
2025-11-10 12:48:40,042 - WARNING - Попытка входа с несуществующим логином: fake_user
2025-11-10 12:48:40,070 - WARNING - Неавторизованный доступ: /favicon.ico
2025-11-10 12:48:40,070 - WARNING - Неавторизованный доступ: /favicon.ico
2025-11-10 12:48:44,494 - WARNING - Попытка доступа без прав - None
2025-11-10 12:48:44,494 - WARNING - Попытка доступа без прав - None
2025-11-10 12:48:44,538 - WARNING - Неавторизованный доступ: /favicon.ico
2025-11-10 12:48:44,538 - WARNING - Неавторизованный доступ: /favicon.ico
